#
# There is insufficient memory for the Java Runtime Environment to continue.
# Native memory allocation (mmap) failed to map 266338304 bytes. Error detail: G1 virtual space
# Possible reasons:
#   The system is out of physical RAM or swap space
#   This process is running with CompressedOops enabled, and the Java Heap may be blocking the growth of the native heap
# Possible solutions:
#   Reduce memory load on the system
#   Increase physical memory or swap space
#   Check if swap backing store is full
#   Decrease Java heap size (-Xmx/-Xms)
#   Decrease number of Java threads
#   Decrease Java thread stack sizes (-Xss)
#   Set larger code cache with -XX:ReservedCodeCacheSize=
#   JVM is running with Zero Based Compressed Oops mode in which the Java heap is
#     placed in the first 32GB address space. The Java Heap base address is the
#     maximum limit for the native heap growth. Please use -XX:HeapBaseMinAddress
#     to set the Java Heap base and to place the Java Heap above 32GB virtual address.
# This output file may be truncated or incomplete.
#
#  Out of Memory Error (os_windows.cpp:3564), pid=20644, tid=15796
#
# JRE version:  (24.0.2+12) (build )
# Java VM: OpenJDK 64-Bit Server VM (24.0.2+12, mixed mode, sharing, tiered, compressed oops, compressed class ptrs, g1 gc, windows-amd64)
# No core dump will be written. Minidumps are not enabled by default on client versions of Windows
#

---------------  S U M M A R Y ------------

Command Line: -XX:+ShowCodeDetailsInExceptionMessages com.mycompany.qltb.qltb_view

Host: 11th Gen Intel(R) Core(TM) i3-1115G4 @ 3.00GHz, 4 cores, 15G,  Windows 11 , 64 bit Build 26100 (10.0.26100.7309)
Time: Wed Dec 24 21:33:57 2025 SE Asia Standard Time elapsed time: 0.510339 seconds (0d 0h 0m 0s)

---------------  T H R E A D  ---------------

Current thread (0x0000024a8506f130):  JavaThread "Unknown thread" [_thread_in_vm, id=15796, stack(0x000000d6e4d00000,0x000000d6e4e00000) (1024K)]

Stack: [0x000000d6e4d00000,0x000000d6e4e00000]
Native frames: (J=compiled Java code, j=interpreted, Vv=VM code, C=native code)
V  [jvm.dll+0x741329]  (no source info available)
V  [jvm.dll+0x97e243]  (no source info available)
V  [jvm.dll+0x98056d]  (no source info available)
V  [jvm.dll+0x980be3]  (no source info available)
V  [jvm.dll+0x2b5a76]  (no source info available)
V  [jvm.dll+0x73d795]  (no source info available)
V  [jvm.dll+0x730f4a]  (no source info available)
V  [jvm.dll+0x39ea2a]  (no source info available)
V  [jvm.dll+0x3a67a6]  (no source info available)
V  [jvm.dll+0x392fbe]  (no source info available)
V  [jvm.dll+0x393278]  (no source info available)
V  [jvm.dll+0x36a09c]  (no source info available)
V  [jvm.dll+0x36ad5d]  (no source info available)
V  [jvm.dll+0x9409ef]  (no source info available)
V  [jvm.dll+0x40786d]  (no source info available)
V  [jvm.dll+0x928e6e]  (no source info available)
V  [jvm.dll+0x4a2d0e]  (no source info available)
V  [jvm.dll+0x4a4c41]  (no source info available)
C  [jli.dll+0x52a1]  (no source info available)
C  [ucrtbase.dll+0x37b0]  (no source info available)
C  [KERNEL32.DLL+0x2e8d7]  (no source info available)
C  [ntdll.dll+0x8c53c]  (no source info available)

Lock stack of current Java thread (top to bottom):


---------------  P R O C E S S  ---------------

Threads class SMR info:
_java_thread_list=0x00007ffcdf82bf58, length=0, elements={
}

Java Threads: ( => current thread )
Total: 0

Other Threads:
  0x0000024a874af5b0 WorkerThread "GC Thread#0"                     [id=23996, stack(0x000000d6e4e00000,0x000000d6e4f00000) (1024K)]
  0x0000024a874c41b0 ConcurrentGCThread "G1 Main Marker"            [id=4280, stack(0x000000d6e4f00000,0x000000d6e5000000) (1024K)]
  0x0000024a874c4cc0 WorkerThread "G1 Conc#0"                       [id=8800, stack(0x000000d6e5000000,0x000000d6e5100000) (1024K)]

[error occurred during error reporting (printing all threads), id 0xc0000005, EXCEPTION_ACCESS_VIOLATION (0xc0000005) at pc=0x00007ffcdee9ef9a]
VM state: not at safepoint (not fully initialized)

VM Mutex/Monitor currently owned by a thread:  ([mutex/lock_event])
[0x00007ffcdf8b5148] Heap_lock - owner thread: 0x0000024a8506f130

Heap address: 0x0000000703600000, size: 4042 MB, Compressed Oops mode: Zero based, Oop shift amount: 3

CDS archive(s) mapped at: [0x0000000000000000-0x0000000000000000-0x0000000000000000), size 0, SharedBaseAddress: 0x0000000800000000, ArchiveRelocationMode: 1.
UseCompressedClassPointers 1, UseCompactObjectHeaders 0
Narrow klass pointer bits 32, Max shift 3
Narrow klass base: 0xffffffffffffffff, Narrow klass shift: -1
Encoding Range: [0xffffffffffffffff - 0x000000007fffffff), (2147483648 bytes)
Klass Range:    [0x0000000000000000 - 0x0000000000000000), (0 bytes)
Klass ID Range:  [4294967295 - 0) (1)

GC Precious Log:
 CardTable entry size: 512
 Card Set container configuration: InlinePtr #cards 4 size 8 Array Of Cards #cards 16 size 48 Howl #buckets 8 coarsen threshold 3686 Howl Bitmap #cards 512 size 80 coarsen threshold 460 Card regions per heap region 1 cards per card region 4096

Heap:
 garbage-first heap   total reserved 4139008K, committed 0K, used 0K [0x0000000703600000, 0x0000000800000000)
  region size 2048K, 0 young (0K), 0 survivors (0K)

[error occurred during error reporting (printing heap information), id 0xc0000005, EXCEPTION_ACCESS_VIOLATION (0xc0000005) at pc=0x00007ffcdf2bfcd9]
GC Heap History (0 events):
No events

Dll operation events (1 events):
Event: 0.027 Loaded shared library C:\Program Files\Apache NetBeans\jdk\bin\java.dll

Deoptimization events (0 events):
No events

Classes loaded (0 events):
No events

Classes unloaded (0 events):
No events

Classes redefined (0 events):
No events

Internal exceptions (0 events):
No events

VM Operations (0 events):
No events

Memory protections (0 events):
No events

Nmethod flushes (0 events):
No events

Events (0 events):
No events


Dynamic libraries:
0x00007ff6a2c00000 - 0x00007ff6a2c0e000 	C:\Program Files\Apache NetBeans\jdk\bin\java.exe
0x00007ffd9a460000 - 0x00007ffd9a6c7000 	C:\WINDOWS\SYSTEM32\ntdll.dll
0x00007ffd986f0000 - 0x00007ffd987b9000 	C:\WINDOWS\System32\KERNEL32.DLL
0x00007ffd97930000 - 0x00007ffd97d1f000 	C:\WINDOWS\System32\KERNELBASE.dll
0x00007ffd97eb0000 - 0x00007ffd97ffb000 	C:\WINDOWS\System32\ucrtbase.dll
0x00007ffd86d70000 - 0x00007ffd86d86000 	C:\Program Files\Apache NetBeans\jdk\bin\jli.dll
0x00007ffd98cc0000 - 0x00007ffd98e85000 	C:\WINDOWS\System32\USER32.dll
0x00007ffd97900000 - 0x00007ffd97927000 	C:\WINDOWS\System32\win32u.dll
0x00007ffd98250000 - 0x00007ffd9827b000 	C:\WINDOWS\System32\GDI32.dll
0x00007ffd977d0000 - 0x00007ffd978fc000 	C:\WINDOWS\System32\gdi32full.dll
0x00007ffd98000000 - 0x00007ffd980a3000 	C:\WINDOWS\System32\msvcp_win.dll
0x00007ffd86d20000 - 0x00007ffd86d3e000 	C:\Program Files\Apache NetBeans\jdk\bin\VCRUNTIME140.dll
0x00007ffd7f760000 - 0x00007ffd7f9f3000 	C:\WINDOWS\WinSxS\amd64_microsoft.windows.common-controls_6595b64144ccf1df_6.0.26100.7309_none_3e05feeae336a044\COMCTL32.dll
0x00007ffd987c0000 - 0x00007ffd98869000 	C:\WINDOWS\System32\msvcrt.dll
0x00007ffd98300000 - 0x00007ffd98331000 	C:\WINDOWS\System32\IMM32.DLL
0x00007ffd91eb0000 - 0x00007ffd91ebc000 	C:\Program Files\Apache NetBeans\jdk\bin\vcruntime140_1.dll
0x00007ffd86c90000 - 0x00007ffd86d1d000 	C:\Program Files\Apache NetBeans\jdk\bin\msvcp140.dll
0x00007ffcdeb20000 - 0x00007ffcdf99c000 	C:\Program Files\Apache NetBeans\jdk\bin\server\jvm.dll
0x00007ffd98a40000 - 0x00007ffd98af4000 	C:\WINDOWS\System32\ADVAPI32.dll
0x00007ffd98b00000 - 0x00007ffd98ba6000 	C:\WINDOWS\System32\sechost.dll
0x00007ffd98ea0000 - 0x00007ffd98fb8000 	C:\WINDOWS\System32\RPCRT4.dll
0x00007ffd996a0000 - 0x00007ffd99714000 	C:\WINDOWS\System32\WS2_32.dll
0x00007ffd97410000 - 0x00007ffd9746e000 	C:\WINDOWS\SYSTEM32\POWRPROF.dll
0x00007ffd91730000 - 0x00007ffd91765000 	C:\WINDOWS\SYSTEM32\WINMM.dll
0x00007ffd85e90000 - 0x00007ffd85e9b000 	C:\WINDOWS\SYSTEM32\VERSION.dll
0x00007ffd973f0000 - 0x00007ffd97404000 	C:\WINDOWS\SYSTEM32\UMPDC.dll
0x00007ffd96340000 - 0x00007ffd9635b000 	C:\WINDOWS\SYSTEM32\kernel.appcore.dll
0x00007ffd86c80000 - 0x00007ffd86c8a000 	C:\Program Files\Apache NetBeans\jdk\bin\jimage.dll
0x00007ffd94a00000 - 0x00007ffd94c42000 	C:\WINDOWS\SYSTEM32\DBGHELP.DLL
0x00007ffd99310000 - 0x00007ffd99695000 	C:\WINDOWS\System32\combase.dll
0x00007ffd988e0000 - 0x00007ffd989b6000 	C:\WINDOWS\System32\OLEAUT32.dll
0x00007ffd91350000 - 0x00007ffd9138c000 	C:\WINDOWS\SYSTEM32\dbgcore.DLL
0x00007ffd97720000 - 0x00007ffd977c5000 	C:\WINDOWS\System32\bcryptPrimitives.dll
0x00007ffd86c50000 - 0x00007ffd86c6e000 	C:\Program Files\Apache NetBeans\jdk\bin\java.dll
0x00007ffd99170000 - 0x00007ffd99307000 	C:\WINDOWS\System32\ole32.dll
0x00007ffd99cc0000 - 0x00007ffd9a413000 	C:\WINDOWS\System32\SHELL32.dll
0x00007ffd975b0000 - 0x00007ffd9771a000 	C:\WINDOWS\System32\wintypes.dll

JVMTI agents: none

dbghelp: loaded successfully - version: 4.0.5 - missing functions: none
symbol engine: initialized successfully - sym options: 0x614 - pdb path: .;C:\Program Files\Apache NetBeans\jdk\bin;C:\WINDOWS\SYSTEM32;C:\WINDOWS\WinSxS\amd64_microsoft.windows.common-controls_6595b64144ccf1df_6.0.26100.7309_none_3e05feeae336a044;C:\Program Files\Apache NetBeans\jdk\bin\server

VM Arguments:
jvm_args: -XX:+ShowCodeDetailsInExceptionMessages 
java_command: com.mycompany.qltb.qltb_view
java_class_path (initial): D:\NetBeansProject\qltb2\qltb\target\classes;C:\Users\khoin\.m2\repository\com\mysql\mysql-connector-j\8.0.33\mysql-connector-j-8.0.33.jar;C:\Users\khoin\.m2\repository\com\google\protobuf\protobuf-java\3.21.9\protobuf-java-3.21.9.jar
Launcher Type: SUN_STANDARD

[Global flags]
     intx CICompilerCount                          = 3                                         {product} {ergonomic}
     uint ConcGCThreads                            = 1                                         {product} {ergonomic}
     uint G1ConcRefinementThreads                  = 4                                         {product} {ergonomic}
   size_t G1HeapRegionSize                         = 2097152                                   {product} {ergonomic}
   size_t InitialHeapSize                          = 266338304                                 {product} {ergonomic}
   size_t MarkStackSize                            = 4194304                                   {product} {ergonomic}
   size_t MarkStackSizeMax                         = 536870912                                 {product} {ergonomic}
   size_t MaxHeapSize                              = 4238344192                                {product} {ergonomic}
   size_t MinHeapDeltaBytes                        = 2097152                                   {product} {ergonomic}
   size_t MinHeapSize                              = 8388608                                   {product} {ergonomic}
    uintx NonNMethodCodeHeapSize                   = 5832704                                {pd product} {ergonomic}
    uintx NonProfiledCodeHeapSize                  = 122945536                              {pd product} {ergonomic}
    uintx ProfiledCodeHeapSize                     = 122880000                              {pd product} {ergonomic}
    uintx ReservedCodeCacheSize                    = 251658240                              {pd product} {ergonomic}
     bool SegmentedCodeCache                       = true                                      {product} {ergonomic}
     bool ShowCodeDetailsInExceptionMessages       = true                                   {manageable} {command line}
   size_t SoftMaxHeapSize                          = 4238344192                             {manageable} {ergonomic}
     bool UseCompressedOops                        = true                           {product lp64_product} {ergonomic}
     bool UseG1GC                                  = true                                      {product} {ergonomic}
     bool UseLargePagesIndividualAllocation        = false                                  {pd product} {ergonomic}

Logging:
Log output configuration:
 #0: stdout all=warning uptime,level,tags foldmultilines=false
 #1: stderr all=off uptime,level,tags foldmultilines=false

Environment Variables:
JAVA_HOME=C:\Program Files\Apache NetBeans\jdk
PATH=C:\Program Files\WindowsApps\Microsoft.PowerShell_7.5.4.0_x64__8wekyb3d8bbwe;C:\Program Files (x86)\VMware\VMware Workstation\bin\;C:\WINDOWS\system32;C:\WINDOWS;C:\WINDOWS\System32\Wbem;C:\WINDOWS\System32\WindowsPowerShell\v1.0\;C:\WINDOWS\System32\OpenSSH\;C:\Program Files\nodejs\;C:\Program Files\Git\cmd;C:\Program Files (x86)\Microsoft SQL Server\160\Tools\Binn\;C:\Program Files\Microsoft SQL Server\160\Tools\Binn\;C:\Program Files\Microsoft SQL Server\Client SDK\ODBC\170\Tools\Binn\;C:\Program Files\Microsoft SQL Server\160\DTS\Binn\;C:\Program Files (x86)\Microsoft SQL Server\160\DTS\Binn\;C:\Program Files\Cloudflare\Cloudflare WARP\;C:\Program Files\Apache NetBeans\jdk\bin;C:\Users\khoin\AppData\Local\Microsoft\WindowsApps;C:\Users\khoin\AppData\Local\Programs\Microsoft VS Code\bin;C:\Users\khoin\AppData\Roaming\npm;C:\Program Files\nodejs;C:\Users\khoin\AppData\Local\Programs\cursor\resources\app\bin;C:\Users\khoin\Downloads\php-8.4.8;c:\Users\khoin\.cursor\extensions\vscjava.vscode-java-debug-0.58.4-universal\bundled\scripts\noConfigScripts
USERNAME=khoin
LANG=en_US.UTF-8
OS=Windows_NT
PROCESSOR_IDENTIFIER=Intel64 Family 6 Model 140 Stepping 1, GenuineIntel
TMP=C:\Users\khoin\AppData\Local\Temp
TEMP=C:\Users\khoin\AppData\Local\Temp




Periodic native trim disabled

---------------  S Y S T E M  ---------------

OS:
 Windows 11 , 64 bit Build 26100 (10.0.26100.7309)
OS uptime: 1 days 12:52 hours
Hyper-V role detected

CPU: total 4 (initial active 4) (2 cores per cpu, 2 threads per core) family 6 model 140 stepping 1 microcode 0xaa, cx8, cmov, fxsr, ht, mmx, 3dnowpref, sse, sse2, sse3, ssse3, sse4.1, sse4.2, popcnt, lzcnt, tsc, tscinvbit, avx, avx2, aes, erms, clmul, bmi1, bmi2, adx, avx512f, avx512dq, avx512cd, avx512bw, avx512vl, sha, fma, vzeroupper, avx512_vpopcntdq, avx512_vpclmulqdq, avx512_vaes, avx512_vnni, clflush, clflushopt, clwb, avx512_vbmi2, avx512_vbmi, hv, rdtscp, rdpid, fsrm, gfni, avx512_bitalg, f16c, cet_ibt, cet_ss, avx512_ifma
Processor Information for the first 4 processors :
  Max Mhz: 2995, Current Mhz: 2995, Mhz Limit: 2995

Memory: 4k page, system-wide physical 16167M (1908M free)
TotalPageFile size 20244M (AvailPageFile size 100M)
current process WorkingSet (physical memory assigned to process): 13M, peak: 13M
current process commit charge ("private bytes"): 52M, peak: 306M

vm_info: OpenJDK 64-Bit Server VM (24.0.2+12) for windows-amd64 JRE (24.0.2+12) (Zulu24.32+13-CA), built on 2025-07-11T12:45:44Z with MS VC++ 17.1 (VS2022)

END.
